#
# There is insufficient memory for the Java Runtime Environment to continue.
# Native memory allocation (malloc) failed to allocate 1002976 bytes for Chunk::new
# Possible reasons:
#   The system is out of physical RAM or swap space
#   The process is running with CompressedOops enabled, and the Java Heap may be blocking the growth of the native heap
# Possible solutions:
#   Reduce memory load on the system
#   Increase physical memory or swap space
#   Check if swap backing store is full
#   Decrease Java heap size (-Xmx/-Xms)
#   Decrease number of Java threads
#   Decrease Java thread stack sizes (-Xss)
#   Set larger code cache with -XX:ReservedCodeCacheSize=
#   JVM is running with Unscaled Compressed Oops mode in which the Java heap is
#     placed in the first 4GB address space. The Java Heap base address is the
#     maximum limit for the native heap growth. Please use -XX:HeapBaseMinAddress
#     to set the Java Heap base and to place the Java Heap above 4GB virtual address.
# This output file may be truncated or incomplete.
#
#  Out of Memory Error (./open/src/hotspot/share/memory/arena.cpp:195), pid=17204, tid=2176
#
# JRE version: Java(TM) SE Runtime Environment (14.0.2+12) (build 14.0.2+12-46)
# Java VM: Java HotSpot(TM) 64-Bit Server VM (14.0.2+12-46, mixed mode, sharing, tiered, compressed oops, g1 gc, windows-amd64)
# No core dump will be written. Minidumps are not enabled by default on client versions of Windows
#

---------------  S U M M A R Y ------------

Command Line: -Dapplication.home=C:\Program Files\Java\jdk-14.0.2 --add-modules=ALL-DEFAULT -Xms8m -Djdk.module.main=jdk.compiler jdk.compiler/com.sun.tools.javac.Main -d C:\Users\dance\Downloads\NSUNetflix2UWork\SE_project\shuttles\build\classes -classpath C:\Users\dance\Downloads\NSUNetflix2UWork\SE_project\shuttles\build\classes -sourcepath C:\Users\dance\Downloads\NSUNetflix2UWork\SE_project\shuttles\src -target 14 -encoding UTF-8 -g -processorpath C:\Users\dance\Downloads\NSUNetflix2UWork\SE_project\shuttles\build\empty -s C:\Users\dance\Downloads\NSUNetflix2UWork\SE_project\shuttles\build\generated-sources\ap-source-output -source 14 C:\Users\dance\Downloads\NSUNetflix2UWork\SE_project\shuttles\src\Register.java

Host: Intel(R) Core(TM) m3-7Y30 CPU @ 1.00GHz, 4 cores, 3G,  Windows 10 , 64 bit Build 19041 (10.0.19041.928)
Time: Mon May  3 18:33:24 2021 Eastern Daylight Time elapsed time: 3 seconds (0d 0h 0m 3s)

---------------  T H R E A D  ---------------

Current thread (0x000001ebccbe0000):  JavaThread "C2 CompilerThread0" daemon [_thread_in_native, id=2176, stack(0x000000ad3b400000,0x000000ad3b500000)]


Current CompileTask:
C2:   3237 1360   !   4       com.sun.tools.javac.jvm.ClassReader::classSigToType (497 bytes)

Stack: [0x000000ad3b400000,0x000000ad3b500000]
Native frames: (J=compiled Java code, j=interpreted, Vv=VM code, C=native code)
V  [jvm.dll+0x5f8a9a]
V  [jvm.dll+0x74247a]
V  [jvm.dll+0x743c2f]
V  [jvm.dll+0x744273]
V  [jvm.dll+0x20d288]
V  [jvm.dll+0xabb07]
V  [jvm.dll+0xac1fc]
V  [jvm.dll+0x276db4]
V  [jvm.dll+0x50cffa]
V  [jvm.dll+0x1ee036]
V  [jvm.dll+0x1e7867]
V  [jvm.dll+0x1e4f98]
V  [jvm.dll+0x1779cc]
V  [jvm.dll+0x1f4105]
V  [jvm.dll+0x1f22eb]
V  [jvm.dll+0x7070cd]
V  [jvm.dll+0x6ffeda]
V  [jvm.dll+0x5f78f6]
C  [ucrtbase.dll+0x21bb2]
C  [KERNEL32.DLL+0x17034]
C  [ntdll.dll+0x52651]


---------------  P R O C E S S  ---------------

Threads class SMR info:
_java_thread_list=0x000001ebcce0f430, length=11, elements={
0x000001ebae30a800, 0x000001ebae3cf800, 0x000001ebae3d1000, 0x000001ebae3ea800,
0x000001ebae3ed800, 0x000001ebccbde000, 0x000001ebccbe0000, 0x000001ebccbe7000,
0x000001ebccc20800, 0x000001ebcce07000, 0x000001ebcce8f000
}

Java Threads: ( => current thread )
  0x000001ebae30a800 JavaThread "main" [_thread_blocked, id=13832, stack(0x000000ad3a800000,0x000000ad3a900000)]
  0x000001ebae3cf800 JavaThread "Reference Handler" daemon [_thread_blocked, id=14424, stack(0x000000ad3af00000,0x000000ad3b000000)]
  0x000001ebae3d1000 JavaThread "Finalizer" daemon [_thread_blocked, id=15696, stack(0x000000ad3b000000,0x000000ad3b100000)]
  0x000001ebae3ea800 JavaThread "Signal Dispatcher" daemon [_thread_blocked, id=7556, stack(0x000000ad3b100000,0x000000ad3b200000)]
  0x000001ebae3ed800 JavaThread "Attach Listener" daemon [_thread_blocked, id=4436, stack(0x000000ad3b200000,0x000000ad3b300000)]
  0x000001ebccbde000 JavaThread "Service Thread" daemon [_thread_blocked, id=17776, stack(0x000000ad3b300000,0x000000ad3b400000)]
=>0x000001ebccbe0000 JavaThread "C2 CompilerThread0" daemon [_thread_in_native, id=2176, stack(0x000000ad3b400000,0x000000ad3b500000)]
  0x000001ebccbe7000 JavaThread "C1 CompilerThread0" daemon [_thread_blocked, id=11988, stack(0x000000ad3b500000,0x000000ad3b600000)]
  0x000001ebccc20800 JavaThread "Sweeper thread" daemon [_thread_blocked, id=3176, stack(0x000000ad3b600000,0x000000ad3b700000)]
  0x000001ebcce07000 JavaThread "Common-Cleaner" daemon [_thread_blocked, id=8660, stack(0x000000ad3b700000,0x000000ad3b800000)]
  0x000001ebcce8f000 JavaThread "Notification Thread" daemon [_thread_blocked, id=10092, stack(0x000000ad3b800000,0x000000ad3b900000)]

Other Threads:
  0x000001ebae3cb000 VMThread "VM Thread" [stack: 0x000000ad3ae00000,0x000000ad3af00000] [id=3860]
  0x000001ebccf32800 WatcherThread [stack: 0x000000ad3b900000,0x000000ad3ba00000] [id=6820]
  0x000001ebae33a800 GCTaskThread "GC Thread#0" [stack: 0x000000ad3a900000,0x000000ad3aa00000] [id=17660]
  0x000001ebccfeb000 GCTaskThread "GC Thread#1" [stack: 0x000000ad3ba00000,0x000000ad3bb00000] [id=12052]
  0x000001ebae349000 ConcurrentGCThread "G1 Main Marker" [stack: 0x000000ad3aa00000,0x000000ad3ab00000] [id=17672]
  0x000001ebae34a000 ConcurrentGCThread "G1 Conc#0" [stack: 0x000000ad3ab00000,0x000000ad3ac00000] [id=5876]
  0x000001ebae361000 ConcurrentGCThread "G1 Refine#0" [stack: 0x000000ad3ac00000,0x000000ad3ad00000] [id=16276]
  0x000001ebae362000 ConcurrentGCThread "G1 Young RemSet Sampling" [stack: 0x000000ad3ad00000,0x000000ad3ae00000] [id=16112]

Threads with active compile tasks:
C2 CompilerThread0     3312 1360   !   4       com.sun.tools.javac.jvm.ClassReader::classSigToType (497 bytes)

VM state:at safepoint (normal execution)

VM Mutex/Monitor currently owned by a thread:  ([mutex/lock_event])
[0x000001ebae306950] Threads_lock - owner thread: 0x000001ebae3cb000
[0x000001ebae3056c0] Heap_lock - owner thread: 0x000001ebae30a800

Heap address: 0x00000000c1400000, size: 1004 MB, Compressed Oops mode: 32-bit
Narrow klass base: 0x0000000800000000, Narrow klass shift: 3
Compressed class space size: 1073741824 Address: 0x0000000800b30000

Heap:
 garbage-first heap   total 27648K, used 8642K [0x00000000c1400000, 0x0000000100000000)
  region size 1024K, 1 young (1024K), 1 survivors (1024K)
 Metaspace       used 9438K, capacity 12211K, committed 12544K, reserved 1060864K
  class space    used 1105K, capacity 1439K, committed 1536K, reserved 1048576K
Heap Regions: E=young(eden), S=young(survivor), O=old, HS=humongous(starts), HC=humongous(continues), CS=collection set, F=free, OA=open archive, CA=closed archive, TAMS=top-at-mark-start (previous, next)
|   0|0x00000000c1400000, 0x00000000c1500000, 0x00000000c1500000|100%| O|  |TAMS 0x00000000c1400000, 0x00000000c1500000| Untracked 
|   1|0x00000000c1500000, 0x00000000c1600000, 0x00000000c1600000|100%| O|  |TAMS 0x00000000c1500000, 0x00000000c1600000| Untracked 
|   2|0x00000000c1600000, 0x00000000c1700000, 0x00000000c1700000|100%| O|  |TAMS 0x00000000c1600000, 0x00000000c1700000| Untracked 
|   3|0x00000000c1700000, 0x00000000c1800000, 0x00000000c1800000|100%| O|  |TAMS 0x00000000c1700000, 0x00000000c1800000| Untracked 
|   4|0x00000000c1800000, 0x00000000c1900000, 0x00000000c1900000|100%| O|  |TAMS 0x00000000c1800000, 0x00000000c1900000| Untracked 
|   5|0x00000000c1900000, 0x00000000c1a00000, 0x00000000c1a00000|100%| O|  |TAMS 0x00000000c1900000, 0x00000000c1a00000| Untracked 
|   6|0x00000000c1a00000, 0x00000000c1b00000, 0x00000000c1b00000|100%| O|  |TAMS 0x00000000c1a00000, 0x00000000c1b00000| Untracked 
|   7|0x00000000c1b00000, 0x00000000c1b97e00, 0x00000000c1c00000| 59%| O|  |TAMS 0x00000000c1b00000, 0x00000000c1b1b400| Untracked 
|   8|0x00000000c1c00000, 0x00000000c1c00000, 0x00000000c1d00000|  0%| F|  |TAMS 0x00000000c1c00000, 0x00000000c1c00000| Untracked 
|   9|0x00000000c1d00000, 0x00000000c1d00000, 0x00000000c1e00000|  0%| F|  |TAMS 0x00000000c1d00000, 0x00000000c1d00000| Untracked 
|  10|0x00000000c1e00000, 0x00000000c1e00000, 0x00000000c1f00000|  0%| F|  |TAMS 0x00000000c1e00000, 0x00000000c1e00000| Untracked 
|  11|0x00000000c1f00000, 0x00000000c1fd8bc0, 0x00000000c2000000| 84%| S|CS|TAMS 0x00000000c1f00000, 0x00000000c1f00000| Complete 
|  12|0x00000000c2000000, 0x00000000c2000000, 0x00000000c2100000|  0%| F|  |TAMS 0x00000000c2000000, 0x00000000c2000000| Untracked 
|  13|0x00000000c2100000, 0x00000000c2100000, 0x00000000c2200000|  0%| F|  |TAMS 0x00000000c2100000, 0x00000000c2100000| Untracked 
|  14|0x00000000c2200000, 0x00000000c2200000, 0x00000000c2300000|  0%| F|  |TAMS 0x00000000c2200000, 0x00000000c2200000| Untracked 
|  15|0x00000000c2300000, 0x00000000c2300000, 0x00000000c2400000|  0%| F|  |TAMS 0x00000000c2300000, 0x00000000c2300000| Untracked 

Card table byte_map: [0x000001ebc7ae0000,0x000001ebc7ce0000] _byte_map_base: 0x000001ebc74d6000

Marking Bits (Prev, Next): (CMBitMap*) 0x000001ebae33f458, (CMBitMap*) 0x000001ebae33f498
 Prev Bits: [0x000001ebc7ee0000, 0x000001ebc8e90000)
 Next Bits: [0x000001ebc8e90000, 0x000001ebc9e40000)

Polling page: 0x000001ebae3f0000

Metaspace:

Usage:
  Non-class:     10.52 MB capacity,     8.14 MB ( 77%) used,     2.35 MB ( 22%) free+waste,    30.50 KB ( <1%) overhead. 
      Class:      1.41 MB capacity,     1.08 MB ( 77%) used,   318.51 KB ( 22%) free+waste,    15.13 KB (  1%) overhead. 
       Both:     11.92 MB capacity,     9.22 MB ( 77%) used,     2.66 MB ( 22%) free+waste,    45.63 KB ( <1%) overhead. 

Virtual space:
  Non-class space:       12.00 MB reserved,      10.75 MB ( 90%) committed 
      Class space:        1.00 GB reserved,       1.50 MB ( <1%) committed 
             Both:        1.01 GB reserved,      12.25 MB (  1%) committed 

Chunk freelists:
   Non-Class:  44.00 KB
       Class:  1.00 KB
        Both:  45.00 KB

MaxMetaspaceSize: 17179869184.00 GB
CompressedClassSpaceSize: 1.00 GB

CodeHeap 'non-profiled nmethods': size=120000Kb used=475Kb max_used=475Kb free=119525Kb
 bounds [0x000001ebbfd80000, 0x000001ebbfff0000, 0x000001ebc72b0000]
CodeHeap 'profiled nmethods': size=120000Kb used=3084Kb max_used=3084Kb free=116915Kb
 bounds [0x000001ebb8850000, 0x000001ebb8b60000, 0x000001ebbfd80000]
CodeHeap 'non-nmethods': size=5760Kb used=1149Kb max_used=1173Kb free=4610Kb
 bounds [0x000001ebb82b0000, 0x000001ebb8520000, 0x000001ebb8850000]
 total_blobs=1851 nmethods=1460 adapters=303
 compilation: enabled
              stopped_count=0, restarted_count=0
 full_count=0

Compilation events (20 events):
Event: 3.199 Thread 0x000001ebccbe7000 nmethod 1458 0x000001ebb8b45f10 code [0x000001ebb8b46140, 0x000001ebb8b46a48]
Event: 3.199 Thread 0x000001ebccbe7000 1454       3       com.sun.tools.javac.comp.Resolve$MethodCheckContext::<init> (26 bytes)
Event: 3.200 Thread 0x000001ebccbe7000 nmethod 1454 0x000001ebb8b46c90 code [0x000001ebb8b46e40, 0x000001ebb8b470d8]
Event: 3.200 Thread 0x000001ebccbe7000 1459       3       com.sun.tools.javac.code.Symbol::isDeprecatedForRemoval (19 bytes)
Event: 3.200 Thread 0x000001ebccbe7000 nmethod 1459 0x000001ebb8b47190 code [0x000001ebb8b47320, 0x000001ebb8b474b8]
Event: 3.200 Thread 0x000001ebccbe7000 1460       3       com.sun.tools.javac.comp.Check::checkPreview (67 bytes)
Event: 3.201 Thread 0x000001ebccbe7000 nmethod 1460 0x000001ebb8b47590 code [0x000001ebb8b47800, 0x000001ebb8b48248]
Event: 3.201 Thread 0x000001ebccbe7000 1464       3       com.sun.tools.javac.comp.Resolve$4::argumentsAcceptable (69 bytes)
Event: 3.202 Thread 0x000001ebccbe7000 nmethod 1464 0x000001ebb8b48610 code [0x000001ebb8b48800, 0x000001ebb8b48e68]
Event: 3.202 Thread 0x000001ebccbe7000 1465       3       com.sun.tools.javac.jvm.ClassReader::readCompoundAnnotation (117 bytes)
Event: 3.205 Thread 0x000001ebccbe7000 nmethod 1465 0x000001ebb8b49110 code [0x000001ebb8b494e0, 0x000001ebb8b4b208]
Event: 3.205 Thread 0x000001ebccbe7000 1461       1       com.sun.tools.javac.code.Type$ForAll::getTypeArguments (5 bytes)
Event: 3.205 Thread 0x000001ebccbe7000 nmethod 1461 0x000001ebbfdf6910 code [0x000001ebbfdf6aa0, 0x000001ebbfdf6b78]
Event: 3.219 Thread 0x000001ebccbe7000 1466       3       com.sun.tools.javac.jvm.ClassReader$AnnotationDeproxy::<init> (15 bytes)
Event: 3.220 Thread 0x000001ebccbe7000 nmethod 1466 0x000001ebb8b4be90 code [0x000001ebb8b4c040, 0x000001ebb8b4c278]
Event: 3.221 Thread 0x000001ebccbe7000 1468       3       com.sun.tools.javac.jvm.ClassReader::readAnnotations (40 bytes)
Event: 3.222 Thread 0x000001ebccbe7000 nmethod 1468 0x000001ebb8b4c390 code [0x000001ebb8b4c5c0, 0x000001ebb8b4cd18]
Event: 3.222 Thread 0x000001ebccbe7000 1469   !   3       com.sun.tools.javac.jvm.ClassReader$AnnotationDeproxy::findAccessMethod (241 bytes)
Event: 3.232 Thread 0x000001ebccbe7000 nmethod 1469 0x000001ebb8b4d090 code [0x000001ebb8b4d500, 0x000001ebb8b4fe28]
Event: 3.233 Thread 0x000001ebccbe7000 1470       3       com.sun.tools.javac.comp.DeferredAttr$DeferredAttrContext::<init> (55 bytes)

GC Heap History (20 events):
Event: 2.265 GC heap before
{Heap before GC invocations=6 (full 0):
 garbage-first heap   total 10240K, used 5096K [0x00000000c1400000, 0x0000000100000000)
  region size 1024K, 3 young (3072K), 1 survivors (1024K)
 Metaspace       used 8296K, capacity 11356K, committed 11648K, reserved 1058816K
  class space    used 999K, capacity 1328K, committed 1408K, reserved 1048576K
}
Event: 2.271 GC heap after
{Heap after GC invocations=7 (full 0):
 garbage-first heap   total 10240K, used 3665K [0x00000000c1400000, 0x0000000100000000)
  region size 1024K, 1 young (1024K), 1 survivors (1024K)
 Metaspace       used 8296K, capacity 11356K, committed 11648K, reserved 1058816K
  class space    used 999K, capacity 1328K, committed 1408K, reserved 1048576K
}
Event: 2.339 GC heap before
{Heap before GC invocations=7 (full 0):
 garbage-first heap   total 10240K, used 5713K [0x00000000c1400000, 0x0000000100000000)
  region size 1024K, 3 young (3072K), 1 survivors (1024K)
 Metaspace       used 8365K, capacity 11356K, committed 11648K, reserved 1058816K
  class space    used 999K, capacity 1328K, committed 1408K, reserved 1048576K
}
Event: 2.346 GC heap after
{Heap after GC invocations=8 (full 0):
 garbage-first heap   total 10240K, used 3956K [0x00000000c1400000, 0x0000000100000000)
  region size 1024K, 1 young (1024K), 1 survivors (1024K)
 Metaspace       used 8365K, capacity 11356K, committed 11648K, reserved 1058816K
  class space    used 999K, capacity 1328K, committed 1408K, reserved 1048576K
}
Event: 2.381 GC heap before
{Heap before GC invocations=8 (full 0):
 garbage-first heap   total 10240K, used 4980K [0x00000000c1400000, 0x0000000100000000)
  region size 1024K, 2 young (2048K), 1 survivors (1024K)
 Metaspace       used 8435K, capacity 11375K, committed 11648K, reserved 1058816K
  class space    used 1008K, capacity 1334K, committed 1408K, reserved 1048576K
}
Event: 2.384 GC heap after
{Heap after GC invocations=9 (full 0):
 garbage-first heap   total 10240K, used 4055K [0x00000000c1400000, 0x0000000100000000)
  region size 1024K, 1 young (1024K), 1 survivors (1024K)
 Metaspace       used 8435K, capacity 11375K, committed 11648K, reserved 1058816K
  class space    used 1008K, capacity 1334K, committed 1408K, reserved 1048576K
}
Event: 2.418 GC heap before
{Heap before GC invocations=9 (full 0):
 garbage-first heap   total 10240K, used 6103K [0x00000000c1400000, 0x0000000100000000)
  region size 1024K, 3 young (3072K), 1 survivors (1024K)
 Metaspace       used 8529K, capacity 11451K, committed 11648K, reserved 1058816K
  class space    used 1014K, capacity 1337K, committed 1408K, reserved 1048576K
}
Event: 2.422 GC heap after
{Heap after GC invocations=10 (full 0):
 garbage-first heap   total 12288K, used 4349K [0x00000000c1400000, 0x0000000100000000)
  region size 1024K, 1 young (1024K), 1 survivors (1024K)
 Metaspace       used 8529K, capacity 11451K, committed 11648K, reserved 1058816K
  class space    used 1014K, capacity 1337K, committed 1408K, reserved 1048576K
}
Event: 2.446 GC heap before
{Heap before GC invocations=10 (full 0):
 garbage-first heap   total 12288K, used 6397K [0x00000000c1400000, 0x0000000100000000)
  region size 1024K, 3 young (3072K), 1 survivors (1024K)
 Metaspace       used 8535K, capacity 11451K, committed 11648K, reserved 1058816K
  class space    used 1014K, capacity 1337K, committed 1408K, reserved 1048576K
}
Event: 2.453 GC heap after
{Heap after GC invocations=11 (full 0):
 garbage-first heap   total 12288K, used 4668K [0x00000000c1400000, 0x0000000100000000)
  region size 1024K, 1 young (1024K), 1 survivors (1024K)
 Metaspace       used 8535K, capacity 11451K, committed 11648K, reserved 1058816K
  class space    used 1014K, capacity 1337K, committed 1408K, reserved 1048576K
}
Event: 2.557 GC heap before
{Heap before GC invocations=11 (full 0):
 garbage-first heap   total 12288K, used 6716K [0x00000000c1400000, 0x0000000100000000)
  region size 1024K, 3 young (3072K), 1 survivors (1024K)
 Metaspace       used 8625K, capacity 11527K, committed 11648K, reserved 1058816K
  class space    used 1023K, capacity 1340K, committed 1408K, reserved 1048576K
}
Event: 2.563 GC heap after
{Heap after GC invocations=12 (full 0):
 garbage-first heap   total 12288K, used 5124K [0x00000000c1400000, 0x0000000100000000)
  region size 1024K, 1 young (1024K), 1 survivors (1024K)
 Metaspace       used 8625K, capacity 11527K, committed 11648K, reserved 1058816K
  class space    used 1023K, capacity 1340K, committed 1408K, reserved 1048576K
}
Event: 2.617 GC heap before
{Heap before GC invocations=12 (full 0):
 garbage-first heap   total 12288K, used 7172K [0x00000000c1400000, 0x0000000100000000)
  region size 1024K, 3 young (3072K), 1 survivors (1024K)
 Metaspace       used 8666K, capacity 11547K, committed 11648K, reserved 1058816K
  class space    used 1028K, capacity 1347K, committed 1408K, reserved 1048576K
}
Event: 2.621 GC heap after
{Heap after GC invocations=13 (full 0):
 garbage-first heap   total 12288K, used 5520K [0x00000000c1400000, 0x0000000100000000)
  region size 1024K, 1 young (1024K), 1 survivors (1024K)
 Metaspace       used 8666K, capacity 11547K, committed 11648K, reserved 1058816K
  class space    used 1028K, capacity 1347K, committed 1408K, reserved 1048576K
}
Event: 2.683 GC heap before
{Heap before GC invocations=13 (full 0):
 garbage-first heap   total 12288K, used 7568K [0x00000000c1400000, 0x0000000100000000)
  region size 1024K, 3 young (3072K), 1 survivors (1024K)
 Metaspace       used 8701K, capacity 11643K, committed 11904K, reserved 1060864K
  class space    used 1031K, capacity 1379K, committed 1408K, reserved 1048576K
}
Event: 2.687 GC heap after
{Heap after GC invocations=14 (full 0):
 garbage-first heap   total 16384K, used 6132K [0x00000000c1400000, 0x0000000100000000)
  region size 1024K, 1 young (1024K), 1 survivors (1024K)
 Metaspace       used 8701K, capacity 11643K, committed 11904K, reserved 1060864K
  class space    used 1031K, capacity 1379K, committed 1408K, reserved 1048576K
}
Event: 2.855 GC heap before
{Heap before GC invocations=14 (full 0):
 garbage-first heap   total 16384K, used 11252K [0x00000000c1400000, 0x0000000100000000)
  region size 1024K, 6 young (6144K), 1 survivors (1024K)
 Metaspace       used 8883K, capacity 11747K, committed 11904K, reserved 1060864K
  class space    used 1053K, capacity 1392K, committed 1408K, reserved 1048576K
}
Event: 2.863 GC heap after
{Heap after GC invocations=15 (full 0):
 garbage-first heap   total 16384K, used 7334K [0x00000000c1400000, 0x0000000100000000)
  region size 1024K, 1 young (1024K), 1 survivors (1024K)
 Metaspace       used 8883K, capacity 11747K, committed 11904K, reserved 1060864K
  class space    used 1053K, capacity 1392K, committed 1408K, reserved 1048576K
}
Event: 3.225 GC heap before
{Heap before GC invocations=15 (full 0):
 garbage-first heap   total 16384K, used 10406K [0x00000000c1400000, 0x0000000100000000)
  region size 1024K, 4 young (4096K), 1 survivors (1024K)
 Metaspace       used 9435K, capacity 12211K, committed 12544K, reserved 1060864K
  class space    used 1105K, capacity 1439K, committed 1536K, reserved 1048576K
}
Event: 3.232 GC heap after
{Heap after GC invocations=16 (full 0):
 garbage-first heap   total 16384K, used 7861K [0x00000000c1400000, 0x0000000100000000)
  region size 1024K, 1 young (1024K), 1 survivors (1024K)
 Metaspace       used 9435K, capacity 12211K, committed 12544K, reserved 1060864K
  class space    used 1105K, capacity 1439K, committed 1536K, reserved 1048576K
}

Deoptimization events (20 events):
Event: 2.361 Thread 0x000001ebae30a800 Uncommon trap: trap_request=0xffffffbe fr.pc=0x000001ebbfdca058 relative=0x00000000000009f8
Event: 2.361 Thread 0x000001ebae30a800 Uncommon trap: reason=profile_predicate action=maybe_recompile pc=0x000001ebbfdca058 method=jdk.internal.jimage.ImageStringsReader.charsFromByteBuffer([CLjava/nio/ByteBuffer;)V @ 6 c2
Event: 2.361 Thread 0x000001ebae30a800 DEOPT PACKING pc=0x000001ebbfdca058 sp=0x000000ad3a8fd450
Event: 2.361 Thread 0x000001ebae30a800 DEOPT UNPACKING pc=0x000001ebb82f912f sp=0x000000ad3a8fd328 mode 2
Event: 2.361 Thread 0x000001ebae30a800 Uncommon trap: trap_request=0xffffffbe fr.pc=0x000001ebbfdca058 relative=0x00000000000009f8
Event: 2.361 Thread 0x000001ebae30a800 Uncommon trap: reason=profile_predicate action=maybe_recompile pc=0x000001ebbfdca058 method=jdk.internal.jimage.ImageStringsReader.charsFromByteBuffer([CLjava/nio/ByteBuffer;)V @ 6 c2
Event: 2.361 Thread 0x000001ebae30a800 DEOPT PACKING pc=0x000001ebbfdca058 sp=0x000000ad3a8fd450
Event: 2.361 Thread 0x000001ebae30a800 DEOPT UNPACKING pc=0x000001ebb82f912f sp=0x000000ad3a8fd328 mode 2
Event: 2.473 Thread 0x000001ebae30a800 Uncommon trap: trap_request=0xffffff45 fr.pc=0x000001ebbfdbf20c relative=0x000000000000006c
Event: 2.473 Thread 0x000001ebae30a800 Uncommon trap: reason=unstable_if action=reinterpret pc=0x000001ebbfdbf20c method=com.sun.tools.javac.jvm.PoolReader.sizeof(I)I @ 1 c2
Event: 2.473 Thread 0x000001ebae30a800 DEOPT PACKING pc=0x000001ebbfdbf20c sp=0x000000ad3a8fde60
Event: 2.473 Thread 0x000001ebae30a800 DEOPT UNPACKING pc=0x000001ebb82f912f sp=0x000000ad3a8fddf0 mode 2
Event: 2.652 Thread 0x000001ebae30a800 Uncommon trap: trap_request=0xffffff45 fr.pc=0x000001ebbfdddf30 relative=0x0000000000000b50
Event: 2.652 Thread 0x000001ebae30a800 Uncommon trap: reason=unstable_if action=reinterpret pc=0x000001ebbfdddf30 method=com.sun.tools.javac.util.ArrayUtils.ensureCapacity([BI)[B @ 3 c2
Event: 2.653 Thread 0x000001ebae30a800 DEOPT PACKING pc=0x000001ebbfdddf30 sp=0x000000ad3a8fd450
Event: 2.653 Thread 0x000001ebae30a800 DEOPT UNPACKING pc=0x000001ebb82f912f sp=0x000000ad3a8fd378 mode 2
Event: 2.709 Thread 0x000001ebae30a800 Uncommon trap: trap_request=0xffffff45 fr.pc=0x000001ebbfde1cbc relative=0x000000000000015c
Event: 2.709 Thread 0x000001ebae30a800 Uncommon trap: reason=unstable_if action=reinterpret pc=0x000001ebbfde1cbc method=com.sun.tools.javac.code.Scope$ScopeImpl.getIndex(Lcom/sun/tools/javac/util/Name;)I @ 60 c2
Event: 2.709 Thread 0x000001ebae30a800 DEOPT PACKING pc=0x000001ebbfde1cbc sp=0x000000ad3a8fd550
Event: 2.710 Thread 0x000001ebae30a800 DEOPT UNPACKING pc=0x000001ebb82f912f sp=0x000000ad3a8fd4c0 mode 2

Classes unloaded (0 events):
No events

Classes redefined (0 events):
No events

Internal exceptions (20 events):
Event: 1.808 Thread 0x000001ebae30a800 Exception <a 'sun/nio/fs/WindowsException'{0x00000000c1b55060}> (0x00000000c1b55060) 
thrown [./open/src/hotspot/share/prims/jni.cpp, line 599]
Event: 1.808 Thread 0x000001ebae30a800 Exception <a 'sun/nio/fs/WindowsException'{0x00000000c1b55ce0}> (0x00000000c1b55ce0) 
thrown [./open/src/hotspot/share/prims/jni.cpp, line 599]
Event: 1.809 Thread 0x000001ebae30a800 Exception <a 'sun/nio/fs/WindowsException'{0x00000000c1b56040}> (0x00000000c1b56040) 
thrown [./open/src/hotspot/share/prims/jni.cpp, line 599]
Event: 1.917 Thread 0x000001ebae30a800 Exception <a 'java/lang/NoSuchMethodError'{0x00000000c1b2d7a8}: 'int java.lang.invoke.DirectMethodHandle$Holder.invokeSpecial(java.lang.Object, java.lang.Object, java.lang.Object, java.lang.Object)'> (0x00000000c1b2d7a8) 
thrown [./open/src/hotspot/share/interpreter/linkResolver.cpp, line 766]
Event: 1.954 Thread 0x000001ebae30a800 Exception <a 'java/lang/NoSuchMethodError'{0x00000000c1b3ee18}: 'java.lang.Object java.lang.invoke.DirectMethodHandle$Holder.invokeVirtual(java.lang.Object, java.lang.Object, java.lang.Object, int, int)'> (0x00000000c1b3ee18) 
thrown [./open/src/hotspot/share/interpreter/linkResolver.cpp, line 766]
Event: 1.959 Thread 0x000001ebae30a800 Exception <a 'java/lang/NoSuchMethodError'{0x00000000c1b452c0}: 'java.lang.Object java.lang.invoke.DirectMethodHandle$Holder.invokeVirtual(java.lang.Object, java.lang.Object, int)'> (0x00000000c1b452c0) 
thrown [./open/src/hotspot/share/interpreter/linkResolver.cpp, line 766]
Event: 1.961 Thread 0x000001ebae30a800 Exception <a 'java/lang/NoSuchMethodError'{0x00000000c1b4b4f0}: 'java.lang.Object java.lang.invoke.DirectMethodHandle$Holder.invokeSpecial(java.lang.Object, java.lang.Object, java.lang.Object, int, int)'> (0x00000000c1b4b4f0) 
thrown [./open/src/hotspot/share/interpreter/linkResolver.cpp, line 766]
Event: 2.129 Thread 0x000001ebae30a800 Exception <a 'java/lang/NoSuchMethodError'{0x00000000c1dd8e68}: 'int java.lang.invoke.DirectMethodHandle$Holder.invokeSpecial(java.lang.Object, java.lang.Object, java.lang.Object, java.lang.Object, java.lang.Object)'> (0x00000000c1dd8e68) 
thrown [./open/src/hotspot/share/interpreter/linkResolver.cpp, line 766]
Event: 2.150 Thread 0x000001ebae30a800 Exception <a 'sun/nio/fs/WindowsException'{0x00000000c1decd30}> (0x00000000c1decd30) 
thrown [./open/src/hotspot/share/prims/jni.cpp, line 599]
Event: 2.236 Thread 0x000001ebae30a800 Exception <a 'sun/nio/fs/WindowsException'{0x00000000c1c088e8}> (0x00000000c1c088e8) 
thrown [./open/src/hotspot/share/prims/jni.cpp, line 599]
Event: 2.368 Thread 0x000001ebae30a800 Exception <a 'sun/nio/fs/WindowsException'{0x00000000c1d4a990}> (0x00000000c1d4a990) 
thrown [./open/src/hotspot/share/prims/jni.cpp, line 599]
Event: 2.368 Thread 0x000001ebae30a800 Exception <a 'sun/nio/fs/WindowsException'{0x00000000c1d4aca8}> (0x00000000c1d4aca8) 
thrown [./open/src/hotspot/share/prims/jni.cpp, line 599]
Event: 2.368 Thread 0x000001ebae30a800 Exception <a 'sun/nio/fs/WindowsException'{0x00000000c1d4bce0}> (0x00000000c1d4bce0) 
thrown [./open/src/hotspot/share/prims/jni.cpp, line 599]
Event: 2.369 Thread 0x000001ebae30a800 Exception <a 'sun/nio/fs/WindowsException'{0x00000000c1d4c230}> (0x00000000c1d4c230) 
thrown [./open/src/hotspot/share/prims/jni.cpp, line 599]
Event: 2.389 Thread 0x000001ebae30a800 Exception <a 'java/lang/NoSuchMethodError'{0x00000000c1d67968}: 'java.lang.Object java.lang.invoke.DirectMethodHandle$Holder.invokeStatic(java.lang.Object, java.lang.Object, int, int)'> (0x00000000c1d67968) 
thrown [./open/src/hotspot/share/interpreter/linkResolver.cpp, line 766]
Event: 2.411 Thread 0x000001ebae30a800 Exception <a 'sun/nio/fs/WindowsException'{0x00000000c1daa488}> (0x00000000c1daa488) 
thrown [./open/src/hotspot/share/prims/jni.cpp, line 599]
Event: 2.411 Thread 0x000001ebae30a800 Exception <a 'sun/nio/fs/WindowsException'{0x00000000c1daa7a8}> (0x00000000c1daa7a8) 
thrown [./open/src/hotspot/share/prims/jni.cpp, line 599]
Event: 2.411 Thread 0x000001ebae30a800 Exception <a 'sun/nio/fs/WindowsException'{0x00000000c1dabaa8}> (0x00000000c1dabaa8) 
thrown [./open/src/hotspot/share/prims/jni.cpp, line 599]
Event: 2.411 Thread 0x000001ebae30a800 Exception <a 'sun/nio/fs/WindowsException'{0x00000000c1dabd88}> (0x00000000c1dabd88) 
thrown [./open/src/hotspot/share/prims/jni.cpp, line 599]
Event: 2.725 Thread 0x000001ebae30a800 Exception <a 'java/lang/NoSuchMethodError'{0x00000000c2213c48}: 'void java.lang.invoke.DirectMethodHandle$Holder.invokeSpecial(java.lang.Object, java.lang.Object, java.lang.Object, java.lang.Object, java.lang.Object)'> (0x00000000c2213c48) 
thrown [./open/src/hotspot/share/interpreter/linkResolver.cpp, line 766]

Events (20 events):
Event: 2.960 loading class java/util/stream/Node$OfInt done
Event: 2.960 loading class java/util/stream/Nodes$EmptyNode$OfInt done
Event: 2.960 loading class java/util/stream/Nodes$EmptyNode$OfLong
Event: 2.960 loading class java/util/stream/Node$OfLong
Event: 2.960 loading class java/util/stream/Node$OfLong done
Event: 2.960 loading class java/util/stream/Nodes$EmptyNode$OfLong done
Event: 2.960 loading class java/util/stream/Nodes$EmptyNode$OfDouble
Event: 2.961 loading class java/util/stream/Node$OfDouble
Event: 2.961 loading class java/util/stream/Node$OfDouble done
Event: 2.961 loading class java/util/stream/Nodes$EmptyNode$OfDouble done
Event: 2.961 loading class java/util/stream/Nodes$FixedNodeBuilder
Event: 2.962 loading class java/util/stream/Node$Builder
Event: 2.962 loading class java/util/stream/Node$Builder done
Event: 2.962 loading class java/util/stream/Nodes$ArrayNode
Event: 2.962 loading class java/util/stream/Nodes$ArrayNode done
Event: 2.962 loading class java/util/stream/Nodes$FixedNodeBuilder done
Event: 3.194 Executing VM operation: ICBufferFull
Event: 3.194 Executing VM operation: ICBufferFull done
Event: 3.224 Executing VM operation: G1CollectForAllocation
Event: 3.232 Executing VM operation: G1CollectForAllocation done


Dynamic libraries:
0x00007ff641490000 - 0x00007ff641497000 	C:\Program Files\Java\jdk-14.0.2\bin\javac.exe
0x00007fff238b0000 - 0x00007fff23aa5000 	C:\WINDOWS\SYSTEM32\ntdll.dll
0x00007fff22030000 - 0x00007fff220ed000 	C:\WINDOWS\System32\KERNEL32.DLL
0x00007fff215f0000 - 0x00007fff218b8000 	C:\WINDOWS\System32\KERNELBASE.dll
0x00007fff21340000 - 0x00007fff21440000 	C:\WINDOWS\System32\ucrtbase.dll
0x00007fff1a2b0000 - 0x00007fff1a2c8000 	C:\Program Files\Java\jdk-14.0.2\bin\jli.dll
0x00007fff21950000 - 0x00007fff219fc000 	C:\WINDOWS\System32\ADVAPI32.dll
0x00007fff22db0000 - 0x00007fff22e4e000 	C:\WINDOWS\System32\msvcrt.dll
0x00007fff21f90000 - 0x00007fff2202b000 	C:\WINDOWS\System32\sechost.dll
0x00007fff21a00000 - 0x00007fff21b2b000 	C:\WINDOWS\System32\RPCRT4.dll
0x00007fff22c10000 - 0x00007fff22db0000 	C:\WINDOWS\System32\USER32.dll
0x00007fff21260000 - 0x00007fff21282000 	C:\WINDOWS\System32\win32u.dll
0x00007fff22980000 - 0x00007fff229aa000 	C:\WINDOWS\System32\GDI32.dll
0x00007fff21440000 - 0x00007fff2154b000 	C:\WINDOWS\System32\gdi32full.dll
0x00007fff21550000 - 0x00007fff215ed000 	C:\WINDOWS\System32\msvcp_win.dll
0x00007fff030f0000 - 0x00007fff0338a000 	C:\WINDOWS\WinSxS\amd64_microsoft.windows.common-controls_6595b64144ccf1df_6.0.19041.844_none_ca00b6081b84eb1d\COMCTL32.dll
0x00007fff0aa30000 - 0x00007fff0aa3a000 	C:\WINDOWS\SYSTEM32\VERSION.dll
0x00007fff1a0f0000 - 0x00007fff1a105000 	C:\Program Files\Java\jdk-14.0.2\bin\VCRUNTIME140.dll
0x00007fff21910000 - 0x00007fff21940000 	C:\WINDOWS\System32\IMM32.DLL
0x00007fff011d0000 - 0x00007fff0126b000 	C:\Program Files\Java\jdk-14.0.2\bin\msvcp140.dll
0x00007ffee6c00000 - 0x00007ffee771e000 	C:\Program Files\Java\jdk-14.0.2\bin\server\jvm.dll
0x00007fff21b30000 - 0x00007fff21b38000 	C:\WINDOWS\System32\PSAPI.DLL
0x00007fff1a310000 - 0x00007fff1a319000 	C:\WINDOWS\SYSTEM32\WSOCK32.dll
0x00007fff21f20000 - 0x00007fff21f8b000 	C:\WINDOWS\System32\WS2_32.dll
0x00007fff08fa0000 - 0x00007fff08fc7000 	C:\WINDOWS\SYSTEM32\WINMM.dll
0x00007fff1eed0000 - 0x00007fff1eee2000 	C:\WINDOWS\SYSTEM32\kernel.appcore.dll
0x00007fff1daf0000 - 0x00007fff1dafa000 	C:\Program Files\Java\jdk-14.0.2\bin\jimage.dll
0x00007fff1b5e0000 - 0x00007fff1b7c4000 	C:\WINDOWS\SYSTEM32\DBGHELP.DLL
0x00007fff0cdb0000 - 0x00007fff0cddc000 	C:\WINDOWS\SYSTEM32\dbgcore.DLL
0x00007fff211e0000 - 0x00007fff21260000 	C:\WINDOWS\System32\bcryptPrimitives.dll
0x00007fff19f90000 - 0x00007fff19fb5000 	C:\Program Files\Java\jdk-14.0.2\bin\java.dll
0x00007fff19f70000 - 0x00007fff19f86000 	C:\Program Files\Java\jdk-14.0.2\bin\zip.dll
0x00007fff22230000 - 0x00007fff22972000 	C:\WINDOWS\System32\SHELL32.dll
0x00007fff1f0f0000 - 0x00007fff1f881000 	C:\WINDOWS\SYSTEM32\windows.storage.dll
0x00007fff23510000 - 0x00007fff23865000 	C:\WINDOWS\System32\combase.dll
0x00007fff209f0000 - 0x00007fff20a1c000 	C:\WINDOWS\SYSTEM32\Wldp.dll
0x00007fff229b0000 - 0x00007fff22a5e000 	C:\WINDOWS\System32\SHCORE.dll
0x00007fff21b40000 - 0x00007fff21b95000 	C:\WINDOWS\System32\shlwapi.dll
0x00007fff20f30000 - 0x00007fff20f4f000 	C:\WINDOWS\SYSTEM32\profapi.dll
0x00007fff120f0000 - 0x00007fff12109000 	C:\Program Files\Java\jdk-14.0.2\bin\net.dll
0x00007fff1b8d0000 - 0x00007fff1b9db000 	C:\WINDOWS\SYSTEM32\WINHTTP.dll
0x00007fff20700000 - 0x00007fff2076a000 	C:\WINDOWS\system32\mswsock.dll
0x00007fff120d0000 - 0x00007fff120e2000 	C:\Program Files\Java\jdk-14.0.2\bin\nio.dll

dbghelp: loaded successfully - version: 4.0.5 - missing functions: none
symbol engine: initialized successfully - sym options: 0x614 - pdb path: .;C:\Program Files\Java\jdk-14.0.2\bin;C:\WINDOWS\SYSTEM32;C:\WINDOWS\WinSxS\amd64_microsoft.windows.common-controls_6595b64144ccf1df_6.0.19041.844_none_ca00b6081b84eb1d;C:\Program Files\Java\jdk-14.0.2\bin\server

VM Arguments:
jvm_args: -Dapplication.home=C:\Program Files\Java\jdk-14.0.2 --add-modules=ALL-DEFAULT -Xms8m -Djdk.module.main=jdk.compiler 
java_command: jdk.compiler/com.sun.tools.javac.Main -d C:\Users\dance\Downloads\NSUNetflix2UWork\SE_project\shuttles\build\classes -classpath C:\Users\dance\Downloads\NSUNetflix2UWork\SE_project\shuttles\build\classes -sourcepath C:\Users\dance\Downloads\NSUNetflix2UWork\SE_project\shuttles\src -target 14 -encoding UTF-8 -g -processorpath C:\Users\dance\Downloads\NSUNetflix2UWork\SE_project\shuttles\build\empty -s C:\Users\dance\Downloads\NSUNetflix2UWork\SE_project\shuttles\build\generated-sources\ap-source-output -source 14 C:\Users\dance\Downloads\NSUNetflix2UWork\SE_project\shuttles\src\Register.java
java_class_path (initial): <not set>
Launcher Type: SUN_STANDARD

[Global flags]
     intx CICompilerCount                          = 3                                         {product} {ergonomic}
     uint ConcGCThreads                            = 1                                         {product} {ergonomic}
     uint G1ConcRefinementThreads                  = 4                                         {product} {ergonomic}
   size_t G1HeapRegionSize                         = 1048576                                   {product} {ergonomic}
    uintx GCDrainStackTargetSize                   = 64                                        {product} {ergonomic}
   size_t InitialHeapSize                          = 8388608                                   {product} {command line}
   size_t MarkStackSize                            = 4194304                                   {product} {ergonomic}
   size_t MaxHeapSize                              = 1052770304                                {product} {ergonomic}
   size_t MaxNewSize                               = 631242752                                 {product} {ergonomic}
   size_t MinHeapDeltaBytes                        = 1048576                                   {product} {ergonomic}
   size_t MinHeapSize                              = 8388608                                   {product} {command line}
    uintx NonNMethodCodeHeapSize                   = 5832780                                {pd product} {ergonomic}
    uintx NonProfiledCodeHeapSize                  = 122912730                              {pd product} {ergonomic}
    uintx ProfiledCodeHeapSize                     = 122912730                              {pd product} {ergonomic}
    uintx ReservedCodeCacheSize                    = 251658240                              {pd product} {ergonomic}
     bool SegmentedCodeCache                       = true                                      {product} {ergonomic}
   size_t SoftMaxHeapSize                          = 1052770304                             {manageable} {ergonomic}
     bool UseCompressedClassPointers               = true                                 {lp64_product} {ergonomic}
     bool UseCompressedOops                        = true                                 {lp64_product} {ergonomic}
     bool UseG1GC                                  = true                                      {product} {ergonomic}
     bool UseLargePagesIndividualAllocation        = false                                  {pd product} {ergonomic}

Logging:
Log output configuration:
 #0: stdout all=warning uptime,level,tags
 #1: stderr all=off uptime,level,tags

Environment Variables:
JAVA_HOME=C:\Program Files\Java\jre1.8.0_271
PATH=C:\Program Files (x86)\Common Files\Oracle\Java\javapath;C:\Python372\Scripts\;C:\Python372\;C:\WINDOWS\system32;C:\WINDOWS;C:\WINDOWS\System32\Wbem;C:\WINDOWS\System32\WindowsPowerShell\v1.0\;C:\WINDOWS\System32\OpenSSH\;C:\Program Files\Git\cmd;C:\Program Files\PuTTY\;C:\Python27;C:\Program Files\apache-cassandra-3.11.10-bin\apache-cassandra-3.11.10\bin;"C:\Users\dance\AppData\Local\Programs\Python\Python27\Scripts\;C:\Program Files\MySQL\MySQL Server 8.0\bin";C:\Users\dance\AppData\Local\Microsoft\WindowsApps;C:\Users\dance\AppData\Local\Programs\Microsoft VS Code\bin;C:\Program Files\JetBrains\IntelliJ IDEA Community Edition 2020.3.1\bin;C:\Program Files (x86)\Sophos\Sophos SSL VPN Client\bin;C:\Users\dance\AppData\Local\Microsoft\WindowsApps;C:\Program Files\heroku\bin
USERNAME=dance
OS=Windows_NT
PROCESSOR_IDENTIFIER=Intel64 Family 6 Model 142 Stepping 9, GenuineIntel



---------------  S Y S T E M  ---------------

OS: Windows 10 , 64 bit Build 19041 (10.0.19041.928)
OS uptime: 6 days 0:57 hours
HyperV virtualization detected

CPU:total 4 (initial active 4) (2 cores per cpu, 2 threads per core) family 6 model 142 stepping 9, cmov, cx8, fxsr, mmx, sse, sse2, sse3, ssse3, sse4.1, sse4.2, popcnt, avx, avx2, aes, clmul, erms, 3dnowpref, lzcnt, ht, tsc, tscinvbit, bmi1, bmi2, adx, fma

Memory: 4k page, system-wide physical 4013M (150M free)
TotalPageFile size 16301M (AvailPageFile size 1M)
current process WorkingSet (physical memory assigned to process): 79M, peak: 79M
current process commit charge ("private bytes"): 112M, peak: 122M

vm_info: Java HotSpot(TM) 64-Bit Server VM (14.0.2+12-46) for windows-amd64 JRE (14.0.2+12-46), built on Jul  9 2020 00:35:52 by "mach5one" with MS VC++ 15.9 (VS2017)

END.
